<?xml version="1.0" encoding="UTF-8"?>
<!-- Generated by org.testng.reporters.JUnitReportReporter -->
<testsuite hostname="LAPTOP-7DJ18U3D" failures="0" tests="4" name="com.qa.base.OpenCart" time="70.161" errors="0" timestamp="27 Nov 2022 11:52:50 GMT" skipped="0">
  <testcase classname="com.qa.base.OpenCart" name="dologin" time="18.891"/>
  <testcase classname="com.qa.base.OpenCart" name="dologin" time="17.715"/>
  <testcase classname="com.qa.base.OpenCart" name="checkPageTitle" time="15.256"/>
  <testcase classname="com.qa.base.OpenCart" name="checkPageTitle" time="18.299"/>
</testsuite> <!-- com.qa.base.OpenCart -->
