<?xml version="1.0" encoding="UTF-8"?>
<!-- Generated by org.testng.reporters.JUnitReportReporter -->
<testsuite hostname="LAPTOP-7DJ18U3D" failures="0" tests="2" name="com.qa.base.ParameterTestNG" time="27.651" errors="0" timestamp="27 Nov 2022 06:00:04 GMT" skipped="0">
  <testcase classname="com.qa.base.ParameterTestNG" name="LaunchUrl" time="19.217"/>
  <testcase classname="com.qa.base.ParameterTestNG" name="LaunchUrl" time="8.434"/>
</testsuite> <!-- com.qa.base.ParameterTestNG -->
